<?xml version="1.0" encoding="UTF-8"?>
<!-- Generated by org.testng.reporters.JUnitXMLReporter -->
<testsuite ignored="9" hostname="Ashish" failures="1" tests="2" name="Test" time="60.886" errors="0" timestamp="2021-10-12T22:14:15 IST">
  <testcase classname="com.orangehrm.tests.OranageHRMTest" name="VerfiyLeaveAssignPage" time="18.272"/>
  <testcase classname="com.orangehrm.tests.OranageHRMTest" name="VerfiyLeaveAssignPage" time="28.452">
    <failure type="java.lang.AssertionError" message="Application Login is Not Successful">
      <![CDATA[java.lang.AssertionError: Application Login is Not Successful
at com.orangehrm.pages.HomePage.verifyWhetherAppLoginIsSuccessful(HomePage.java:36)
at com.orangehrm.tests.OranageHRMTest.VerfiyLeaveAssignPage(OranageHRMTest.java:126)
at java.base/java.util.ArrayList.forEach(ArrayList.java:1511)
... Removed 28 stack frames]]>
    </failure>
  </testcase> <!-- VerfiyLeaveAssignPage -->
  <testcase classname="com.orangehrm.tests.OranageHRMTest" name="VerfiyAdminPage" time="0.0">
    <ignored/>
  </testcase> <!-- VerfiyAdminPage -->
  <testcase classname="com.orangehrm.tests.OranageHRMTest" name="VerfiyForgotPasswordPage" time="0.0">
    <ignored/>
  </testcase> <!-- VerfiyForgotPasswordPage -->
  <testcase classname="com.orangehrm.tests.OranageHRMTest" name="VerfiyAdminConfigPage" time="0.0">
    <ignored/>
  </testcase> <!-- VerfiyAdminConfigPage -->
  <testcase classname="com.orangehrm.tests.OranageHRMTest" name="VerifyApplicationLogin" time="0.0">
    <ignored/>
  </testcase> <!-- VerifyApplicationLogin -->
  <testcase classname="com.orangehrm.tests.OranageHRMTest" name="VerfiyAdminJobPage" time="0.0">
    <ignored/>
  </testcase> <!-- VerfiyAdminJobPage -->
  <testcase classname="com.orangehrm.tests.OranageHRMTest" name="VerfiyAdminOrgPage" time="0.0">
    <ignored/>
  </testcase> <!-- VerfiyAdminOrgPage -->
  <testcase classname="com.orangehrm.tests.OranageHRMTest" name="VerfiyAdminConfigSMAPage" time="0.0">
    <ignored/>
  </testcase> <!-- VerfiyAdminConfigSMAPage -->
  <testcase classname="com.orangehrm.tests.OranageHRMTest" name="VerifyApplicationTitle" time="0.0">
    <ignored/>
  </testcase> <!-- VerifyApplicationTitle -->
  <testcase classname="com.orangehrm.tests.OranageHRMTest" name="VerifyApplicationLogout" time="0.0">
    <ignored/>
  </testcase> <!-- VerifyApplicationLogout -->
</testsuite> <!-- Test -->
