<?xml version="1.0" encoding="UTF-8"?>
<!-- Generated by org.testng.reporters.JUnitXMLReporter -->
<testsuite ignored="8" hostname="Ashish" failures="0" tests="1" name="Test" time="64.287" errors="0" timestamp="2021-09-17T11:59:46 IST">
  <testcase classname="com.orangehrm.tests.OranageHRMTest" name="VerfiyForgotPasswordPage" time="23.526"/>
  <testcase classname="com.orangehrm.tests.OranageHRMTest" name="VerfiyAdminPage" time="0.0">
    <ignored/>
  </testcase> <!-- VerfiyAdminPage -->
  <testcase classname="com.orangehrm.tests.OranageHRMTest" name="VerfiyAdminConfigPage" time="0.0">
    <ignored/>
  </testcase> <!-- VerfiyAdminConfigPage -->
  <testcase classname="com.orangehrm.tests.OranageHRMTest" name="VerifyApplicationLogin" time="0.0">
    <ignored/>
  </testcase> <!-- VerifyApplicationLogin -->
  <testcase classname="com.orangehrm.tests.OranageHRMTest" name="VerfiyAdminJobPage" time="0.0">
    <ignored/>
  </testcase> <!-- VerfiyAdminJobPage -->
  <testcase classname="com.orangehrm.tests.OranageHRMTest" name="VerfiyAdminOrgPage" time="0.0">
    <ignored/>
  </testcase> <!-- VerfiyAdminOrgPage -->
  <testcase classname="com.orangehrm.tests.OranageHRMTest" name="VerfiyAdminConfigSMAPage" time="0.0">
    <ignored/>
  </testcase> <!-- VerfiyAdminConfigSMAPage -->
  <testcase classname="com.orangehrm.tests.OranageHRMTest" name="VerifyApplicationTitle" time="0.0">
    <ignored/>
  </testcase> <!-- VerifyApplicationTitle -->
  <testcase classname="com.orangehrm.tests.OranageHRMTest" name="VerifyApplicationLogout" time="0.0">
    <ignored/>
  </testcase> <!-- VerifyApplicationLogout -->
</testsuite> <!-- Test -->
