<?xml version="1.0" encoding="UTF-8"?>
<testng-results ignored="8" total="9" passed="1" failed="0" skipped="0">
  <reporter-output>
  </reporter-output>
  <suite started-at="2021-09-17T11:58:41 IST" name="Suite" finished-at="2021-09-17T11:59:45 IST" duration-ms="64287">
    <groups>
    </groups>
    <test started-at="2021-09-17T11:58:41 IST" name="Test" finished-at="2021-09-17T11:59:45 IST" duration-ms="64287">
      <class name="com.orangehrm.tests.OranageHRMTest">
        <test-method is-config="true" signature="setupReport()[pri:0, instance:com.orangehrm.tests.OranageHRMTest@82de64a]" started-at="2021-09-17T11:58:40 IST" name="setupReport" finished-at="2021-09-17T11:58:41 IST" duration-ms="533" status="PASS">
          <reporter-output>
          </reporter-output>
        </test-method> <!-- setupReport -->
        <test-method is-config="true" signature="SetupBrowser(java.lang.String)[pri:0, instance:com.orangehrm.tests.OranageHRMTest@82de64a]" started-at="2021-09-17T11:58:41 IST" name="SetupBrowser" finished-at="2021-09-17T11:59:19 IST" duration-ms="38010" status="PASS">
          <params>
            <param index="0">
              <value>
                <![CDATA[chrome]]>
              </value>
            </param>
          </params>
          <reporter-output>
          </reporter-output>
        </test-method> <!-- SetupBrowser -->
        <test-method signature="VerfiyForgotPasswordPage()[pri:4, instance:com.orangehrm.tests.OranageHRMTest@82de64a]" started-at="2021-09-17T11:59:19 IST" name="VerfiyForgotPasswordPage" finished-at="2021-09-17T11:59:43 IST" duration-ms="23526" status="PASS">
          <reporter-output>
          </reporter-output>
        </test-method> <!-- VerfiyForgotPasswordPage -->
        <test-method is-config="true" signature="afterMethod()[pri:0, instance:com.orangehrm.tests.OranageHRMTest@82de64a]" started-at="2021-09-17T11:59:43 IST" name="afterMethod" finished-at="2021-09-17T11:59:45 IST" duration-ms="2700" status="PASS">
          <reporter-output>
          </reporter-output>
        </test-method> <!-- afterMethod -->
      </class> <!-- com.orangehrm.tests.OranageHRMTest -->
    </test> <!-- Test -->
  </suite> <!-- Suite -->
</testng-results>
